Using pre-set license
Built from '2021.3/staging' branch; Version is '2021.3.6f1 (7da38d85baf6) revision 8233869'; Using compiler version '192829333'; Build Type 'Release'
OS: 'Windows 10  (10.0.19043) 64bit Professional' Language: 'tr' Physical Memory: 16294 MB
BatchMode: 1, IsHumanControllingUs: 0, StartBugReporterOnCrash: 0, Is64bit: 1, IsPro: 1

COMMAND LINE ARGUMENTS:
C:\Program Files\Unity\Hub\Editor\2021.3.6f1\Editor\Unity.exe
-adb2
-batchMode
-noUpm
-name
AssetImportWorker2
-projectPath
C:/Users/Teknogenetik/Desktop/Projeler/unity-projects/Hamster Rush
-logFile
Logs/AssetImportWorker2.log
-srvPort
57013
Successfully changed project path to: C:/Users/Teknogenetik/Desktop/Projeler/unity-projects/Hamster Rush
C:/Users/Teknogenetik/Desktop/Projeler/unity-projects/Hamster Rush
[UnityMemory] Configuration Parameters - Can be set up in boot.config
    "memorysetup-bucket-allocator-granularity=16"
    "memorysetup-bucket-allocator-bucket-count=8"
    "memorysetup-bucket-allocator-block-size=33554432"
    "memorysetup-bucket-allocator-block-count=8"
    "memorysetup-main-allocator-block-size=16777216"
    "memorysetup-thread-allocator-block-size=16777216"
    "memorysetup-gfx-main-allocator-block-size=16777216"
    "memorysetup-gfx-thread-allocator-block-size=16777216"
    "memorysetup-cache-allocator-block-size=4194304"
    "memorysetup-typetree-allocator-block-size=2097152"
    "memorysetup-profiler-bucket-allocator-granularity=16"
    "memorysetup-profiler-bucket-allocator-bucket-count=8"
    "memorysetup-profiler-bucket-allocator-block-size=33554432"
    "memorysetup-profiler-bucket-allocator-block-count=8"
    "memorysetup-profiler-allocator-block-size=16777216"
    "memorysetup-profiler-editor-allocator-block-size=1048576"
    "memorysetup-temp-allocator-size-main=16777216"
    "memorysetup-job-temp-allocator-block-size=2097152"
    "memorysetup-job-temp-allocator-block-size-background=1048576"
    "memorysetup-job-temp-allocator-reduction-small-platforms=262144"
    "memorysetup-temp-allocator-size-background-worker=32768"
    "memorysetup-temp-allocator-size-job-worker=262144"
    "memorysetup-temp-allocator-size-preload-manager=33554432"
    "memorysetup-temp-allocator-size-nav-mesh-worker=65536"
    "memorysetup-temp-allocator-size-audio-worker=65536"
    "memorysetup-temp-allocator-size-cloud-worker=32768"
    "memorysetup-temp-allocator-size-gi-baking-worker=262144"
    "memorysetup-temp-allocator-size-gfx=262144"
Refreshing native plugins compatible for Editor in 74.65 ms, found 3 plugins.
Preloading 0 native plugins for Editor in 0.00 ms.
Initialize engine version: 2021.3.6f1 (7da38d85baf6)
[Subsystems] Discovering subsystems at path C:/Program Files/Unity/Hub/Editor/2021.3.6f1/Editor/Data/Resources/UnitySubsystems
[Subsystems] Discovering subsystems at path C:/Users/Teknogenetik/Desktop/Projeler/unity-projects/Hamster Rush/Assets
GfxDevice: creating device client; threaded=0; jobified=0
Direct3D:
    Version:  Direct3D 11.0 [level 11.1]
    Renderer: AMD Radeon RX 6600 XT (ID=0x73ff)
    Vendor:   ATI
    VRAM:     8147 MB
    Driver:   31.0.12029.7019
Initialize mono
Mono path[0] = 'C:/Program Files/Unity/Hub/Editor/2021.3.6f1/Editor/Data/Managed'
Mono path[1] = 'C:/Program Files/Unity/Hub/Editor/2021.3.6f1/Editor/Data/MonoBleedingEdge/lib/mono/unityjit-win32'
Mono config path = 'C:/Program Files/Unity/Hub/Editor/2021.3.6f1/Editor/Data/MonoBleedingEdge/etc'
Using monoOptions --debugger-agent=transport=dt_socket,embedding=1,server=y,suspend=n,address=127.0.0.1:56692
Begin MonoManager ReloadAssembly
Registering precompiled unity dll's ...
Register platform support module: C:/Program Files/Unity/Hub/Editor/2021.3.6f1/Editor/Data/PlaybackEngines/WindowsStandaloneSupport/UnityEditor.WindowsStandalone.Extensions.dll
Registered in 0.004611 seconds.
Native extension for WindowsStandalone target not found
Refreshing native plugins compatible for Editor in 67.52 ms, found 3 plugins.
Preloading 0 native plugins for Editor in 0.00 ms.
Mono: successfully reloaded assembly
- Completed reload, in  0.466 seconds
Domain Reload Profiling:
	ReloadAssembly (466ms)
		BeginReloadAssembly (55ms)
			ExecutionOrderSort (0ms)
			DisableScriptedObjects (0ms)
			BackupInstance (0ms)
			ReleaseScriptingObjects (0ms)
			CreateAndSetChildDomain (1ms)
		EndReloadAssembly (331ms)
			LoadAssemblies (54ms)
			RebuildTransferFunctionScriptingTraits (0ms)
			SetupTypeCache (70ms)
			ReleaseScriptCaches (0ms)
			RebuildScriptCaches (19ms)
			SetupLoadedEditorAssemblies (204ms)
				LogAssemblyErrors (0ms)
				InitializePlatformSupportModulesInManaged (6ms)
				SetLoadedEditorAssemblies (0ms)
				RefreshPlugins (68ms)
				BeforeProcessingInitializeOnLoad (1ms)
				ProcessInitializeOnLoadAttributes (94ms)
				ProcessInitializeOnLoadMethodAttributes (35ms)
				AfterProcessingInitializeOnLoad (0ms)
				EditorAssembliesLoaded (0ms)
			ExecutionOrderSort2 (0ms)
			AwakeInstancesAfterBackupRestoration (0ms)
Platform modules already initialized, skipping
Registering precompiled user dll's ...
Registered in 0.005252 seconds.
Begin MonoManager ReloadAssembly
Symbol file LoadedFromMemory doesn't match image C:\Users\Teknogenetik\Desktop\Projeler\unity-projects\Hamster Rush\Library\PackageCache\com.unity.visualscripting@1.7.8\Editor\VisualScripting.Core\Dependencies\YamlDotNet\Unity.VisualScripting.YamlDotNet.dll
Symbol file LoadedFromMemory doesn't match image C:\Users\Teknogenetik\Desktop\Projeler\unity-projects\Hamster Rush\Library\PackageCache\com.unity.visualscripting@1.7.8\Editor\VisualScripting.Core\Dependencies\DotNetZip\Unity.VisualScripting.IonicZip.dll
Native extension for WindowsStandalone target not found
Refreshing native plugins compatible for Editor in 0.55 ms, found 3 plugins.
Preloading 0 native plugins for Editor in 0.00 ms.
[ScriptCompilation] NOT recompiling all scripts because this is an import worker process. Reason to compile was: Define symbols changed
Added "DREAMTECK_SPLINES" from Standalone Scripting define in Player Settings
UnityEngine.StackTraceUtility:ExtractStackTrace ()
UnityEngine.DebugLogHandler:LogFormat (UnityEngine.LogType,UnityEngine.Object,string,object[])
UnityEngine.Logger:Log (UnityEngine.LogType,object)
UnityEngine.Debug:Log (object)
Dreamteck.Editor.ScriptingDefineUtility:Add (string,UnityEditor.BuildTargetGroup,bool) (at Assets/Dreamteck/Utilities/Editor/ScriptingDefineUtility.cs:16)
Dreamteck.Splines.Editor.AddScriptingDefines:.cctor () (at Assets/Dreamteck/Splines/Editor/WelcomeScreen.cs:38)
System.Runtime.CompilerServices.RuntimeHelpers:RunClassConstructor (System.RuntimeTypeHandle)
UnityEditor.EditorAssemblies:ProcessInitializeOnLoadAttributes (System.Type[])

(Filename: Assets/Dreamteck/Utilities/Editor/ScriptingDefineUtility.cs Line: 16)

Mono: successfully reloaded assembly
- Completed reload, in  0.750 seconds
Domain Reload Profiling:
	ReloadAssembly (751ms)
		BeginReloadAssembly (82ms)
			ExecutionOrderSort (0ms)
			DisableScriptedObjects (4ms)
			BackupInstance (0ms)
			ReleaseScriptingObjects (0ms)
			CreateAndSetChildDomain (15ms)
		EndReloadAssembly (582ms)
			LoadAssemblies (61ms)
			RebuildTransferFunctionScriptingTraits (0ms)
			SetupTypeCache (179ms)
			ReleaseScriptCaches (0ms)
			RebuildScriptCaches (35ms)
			SetupLoadedEditorAssemblies (278ms)
				LogAssemblyErrors (0ms)
				InitializePlatformSupportModulesInManaged (4ms)
				SetLoadedEditorAssemblies (0ms)
				RefreshPlugins (1ms)
				BeforeProcessingInitializeOnLoad (72ms)
				ProcessInitializeOnLoadAttributes (174ms)
				ProcessInitializeOnLoadMethodAttributes (22ms)
				AfterProcessingInitializeOnLoad (5ms)
				EditorAssembliesLoaded (0ms)
			ExecutionOrderSort2 (0ms)
			AwakeInstancesAfterBackupRestoration (5ms)
Platform modules already initialized, skipping
========================================================================
Worker process is ready to serve import requests
Launched and connected shader compiler UnityShaderCompiler.exe after 0.04 seconds
Refreshing native plugins compatible for Editor in 0.55 ms, found 3 plugins.
Preloading 0 native plugins for Editor in 0.00 ms.
Unloading 3522 Unused Serialized files (Serialized files now loaded: 0)
Unloading 27 unused Assets / (111.0 KB). Loaded Objects now: 3979.
Memory consumption went from 120.9 MB to 120.8 MB.
Total: 2.547200 ms (FindLiveObjects: 0.181100 ms CreateObjectMapping: 0.085000 ms MarkObjects: 2.205500 ms  DeleteObjects: 0.074900 ms)

AssetImportParameters requested are different than current active one (requested -> active):
  custom:video-decoder-ogg-theora: a1e56fd34408186e4bbccfd4996cb3dc -> 
  custom:container-muxer-webm: aa71ff27fc2769a1b78a27578f13a17b -> 
  custom:container-demuxer-webm: 4f35f7cbe854078d1ac9338744f61a02 -> 
  custom:video-encoder-webm-vp8: eb34c28f22e8b96e1ab97ce403110664 -> 
  custom:audio-encoder-webm-vorbis: bf7c407c2cedff20999df2af8eb42d56 -> 
  custom:framework-win-MediaFoundation: 216162199b28c13a410421893ffa2e32 -> 
  custom:container-demuxer-ogg: 62fdf1f143b41e24485cea50d1cbac27 -> 
  custom:video-decoder-webm-vp8: 9c59270c3fd7afecdb556c50c9e8de78 -> 
  custom:audio-decoder-ogg-vorbis: bf7c407c2cedff20999df2af8eb42d56 -> 
========================================================================
Received Import Request.
  Time since last request: 74594.328256 seconds.
  path: Assets/Dreamteck/Splines/Editor/Tools/BakeTool.cs
  artifactKey: Guid(659dbb6c3db842b4bbe63915d9097d5a) Importer(815301076,1909f56bfc062723c751e8b465ee728b)
Start importing Assets/Dreamteck/Splines/Editor/Tools/BakeTool.cs using Guid(659dbb6c3db842b4bbe63915d9097d5a) Importer(815301076,1909f56bfc062723c751e8b465ee728b)  -> (artifact id: 'ed122f4272036c2bb26f64a1bbbc5fc0') in 0.030248 seconds 
========================================================================
Received Import Request.
  Time since last request: 14.485105 seconds.
  path: Assets/Dreamteck/Splines/Examples.unitypackage
  artifactKey: Guid(dd726bdc743dca44888d2627b27267c2) Importer(815301076,1909f56bfc062723c751e8b465ee728b)
Start importing Assets/Dreamteck/Splines/Examples.unitypackage using Guid(dd726bdc743dca44888d2627b27267c2) Importer(815301076,1909f56bfc062723c751e8b465ee728b)  -> (artifact id: 'cf5188b6cf694216d25ab38c3fa89c4f') in 0.029072 seconds 
========================================================================
Received Prepare
Registering precompiled user dll's ...
Registered in 0.004915 seconds.
Begin MonoManager ReloadAssembly
Symbol file LoadedFromMemory doesn't match image C:\Users\Teknogenetik\Desktop\Projeler\unity-projects\Hamster Rush\Library\PackageCache\com.unity.visualscripting@1.7.8\Editor\VisualScripting.Core\Dependencies\YamlDotNet\Unity.VisualScripting.YamlDotNet.dll
Symbol file LoadedFromMemory doesn't match image C:\Users\Teknogenetik\Desktop\Projeler\unity-projects\Hamster Rush\Library\PackageCache\com.unity.visualscripting@1.7.8\Editor\VisualScripting.Core\Dependencies\DotNetZip\Unity.VisualScripting.IonicZip.dll
Native extension for WindowsStandalone target not found
Refreshing native plugins compatible for Editor in 0.88 ms, found 3 plugins.
Preloading 0 native plugins for Editor in 0.00 ms.
Mono: successfully reloaded assembly
- Completed reload, in  0.775 seconds
Domain Reload Profiling:
	ReloadAssembly (775ms)
		BeginReloadAssembly (111ms)
			ExecutionOrderSort (0ms)
			DisableScriptedObjects (4ms)
			BackupInstance (0ms)
			ReleaseScriptingObjects (0ms)
			CreateAndSetChildDomain (32ms)
		EndReloadAssembly (591ms)
			LoadAssemblies (65ms)
			RebuildTransferFunctionScriptingTraits (0ms)
			SetupTypeCache (184ms)
			ReleaseScriptCaches (1ms)
			RebuildScriptCaches (31ms)
			SetupLoadedEditorAssemblies (275ms)
				LogAssemblyErrors (0ms)
				InitializePlatformSupportModulesInManaged (11ms)
				SetLoadedEditorAssemblies (1ms)
				RefreshPlugins (1ms)
				BeforeProcessingInitializeOnLoad (61ms)
				ProcessInitializeOnLoadAttributes (171ms)
				ProcessInitializeOnLoadMethodAttributes (24ms)
				AfterProcessingInitializeOnLoad (6ms)
				EditorAssembliesLoaded (0ms)
			ExecutionOrderSort2 (0ms)
			AwakeInstancesAfterBackupRestoration (5ms)
Platform modules already initialized, skipping
Refreshing native plugins compatible for Editor in 1.37 ms, found 3 plugins.
Preloading 0 native plugins for Editor in 0.00 ms.
Unloading 3530 Unused Serialized files (Serialized files now loaded: 0)
Unloading 20 unused Assets / (78.2 KB). Loaded Objects now: 3997.
Memory consumption went from 126.0 MB to 125.9 MB.
Total: 2.386200 ms (FindLiveObjects: 0.176900 ms CreateObjectMapping: 0.069600 ms MarkObjects: 2.091400 ms  DeleteObjects: 0.047900 ms)

AssetImportParameters requested are different than current active one (requested -> active):
  custom:video-decoder-ogg-theora: a1e56fd34408186e4bbccfd4996cb3dc -> 
  custom:container-muxer-webm: aa71ff27fc2769a1b78a27578f13a17b -> 
  custom:container-demuxer-webm: 4f35f7cbe854078d1ac9338744f61a02 -> 
  custom:video-encoder-webm-vp8: eb34c28f22e8b96e1ab97ce403110664 -> 
  custom:audio-encoder-webm-vorbis: bf7c407c2cedff20999df2af8eb42d56 -> 
  custom:framework-win-MediaFoundation: 216162199b28c13a410421893ffa2e32 -> 
  custom:container-demuxer-ogg: 62fdf1f143b41e24485cea50d1cbac27 -> 
  custom:video-decoder-webm-vp8: 9c59270c3fd7afecdb556c50c9e8de78 -> 
  custom:audio-decoder-ogg-vorbis: bf7c407c2cedff20999df2af8eb42d56 -> 
========================================================================
Received Import Request.
  Time since last request: 19.772868 seconds.
  path: Assets/Dreamteck/Splines/Examples
  artifactKey: Guid(4fc474ef3be475a4a9990ce54e987788) Importer(815301076,1909f56bfc062723c751e8b465ee728b)
Start importing Assets/Dreamteck/Splines/Examples using Guid(4fc474ef3be475a4a9990ce54e987788) Importer(815301076,1909f56bfc062723c751e8b465ee728b)  -> (artifact id: '78d306ed93c2f00e47723a84196787e0') in 0.008897 seconds 
========================================================================
Received Import Request.
  Time since last request: 2.915962 seconds.
  path: Assets/Dreamteck/Splines/Examples/RollerCoaster
  artifactKey: Guid(7612c57fe36e95644a2d982ce5dab205) Importer(815301076,1909f56bfc062723c751e8b465ee728b)
Start importing Assets/Dreamteck/Splines/Examples/RollerCoaster using Guid(7612c57fe36e95644a2d982ce5dab205) Importer(815301076,1909f56bfc062723c751e8b465ee728b)  -> (artifact id: 'fd105b450105e40093046b4c97c1dc2a') in 0.004746 seconds 
========================================================================
Received Import Request.
  Time since last request: 1.300012 seconds.
  path: Assets/Dreamteck/Splines/Examples/RollerCoaster/Scene.unity
  artifactKey: Guid(21a6bf6157f8a7c43b2a813c3edf889f) Importer(815301076,1909f56bfc062723c751e8b465ee728b)
Start importing Assets/Dreamteck/Splines/Examples/RollerCoaster/Scene.unity using Guid(21a6bf6157f8a7c43b2a813c3edf889f) Importer(815301076,1909f56bfc062723c751e8b465ee728b)  -> (artifact id: '50adaf6081470d3b11dab6dc80c8303a') in 0.004914 seconds 
========================================================================
Received Prepare
Registering precompiled user dll's ...
Registered in 0.004981 seconds.
Begin MonoManager ReloadAssembly
Symbol file LoadedFromMemory doesn't match image C:\Users\Teknogenetik\Desktop\Projeler\unity-projects\Hamster Rush\Library\PackageCache\com.unity.visualscripting@1.7.8\Editor\VisualScripting.Core\Dependencies\YamlDotNet\Unity.VisualScripting.YamlDotNet.dll
Symbol file LoadedFromMemory doesn't match image C:\Users\Teknogenetik\Desktop\Projeler\unity-projects\Hamster Rush\Library\PackageCache\com.unity.visualscripting@1.7.8\Editor\VisualScripting.Core\Dependencies\DotNetZip\Unity.VisualScripting.IonicZip.dll
Native extension for WindowsStandalone target not found
Refreshing native plugins compatible for Editor in 0.59 ms, found 3 plugins.
Preloading 0 native plugins for Editor in 0.00 ms.
Mono: successfully reloaded assembly
- Completed reload, in  0.791 seconds
Domain Reload Profiling:
	ReloadAssembly (792ms)
		BeginReloadAssembly (109ms)
			ExecutionOrderSort (0ms)
			DisableScriptedObjects (4ms)
			BackupInstance (0ms)
			ReleaseScriptingObjects (0ms)
			CreateAndSetChildDomain (32ms)
		EndReloadAssembly (611ms)
			LoadAssemblies (67ms)
			RebuildTransferFunctionScriptingTraits (0ms)
			SetupTypeCache (195ms)
			ReleaseScriptCaches (1ms)
			RebuildScriptCaches (31ms)
			SetupLoadedEditorAssemblies (278ms)
				LogAssemblyErrors (0ms)
				InitializePlatformSupportModulesInManaged (11ms)
				SetLoadedEditorAssemblies (0ms)
				RefreshPlugins (1ms)
				BeforeProcessingInitializeOnLoad (59ms)
				ProcessInitializeOnLoadAttributes (176ms)
				ProcessInitializeOnLoadMethodAttributes (24ms)
				AfterProcessingInitializeOnLoad (7ms)
				EditorAssembliesLoaded (0ms)
			ExecutionOrderSort2 (0ms)
			AwakeInstancesAfterBackupRestoration (6ms)
Platform modules already initialized, skipping
Refreshing native plugins compatible for Editor in 1.64 ms, found 3 plugins.
Preloading 0 native plugins for Editor in 0.00 ms.
Unloading 3530 Unused Serialized files (Serialized files now loaded: 0)
Unloading 20 unused Assets / (78.1 KB). Loaded Objects now: 4000.
Memory consumption went from 126.0 MB to 125.9 MB.
Total: 2.646100 ms (FindLiveObjects: 0.191900 ms CreateObjectMapping: 0.069200 ms MarkObjects: 2.319200 ms  DeleteObjects: 0.065000 ms)

AssetImportParameters requested are different than current active one (requested -> active):
  custom:video-decoder-ogg-theora: a1e56fd34408186e4bbccfd4996cb3dc -> 
  custom:container-muxer-webm: aa71ff27fc2769a1b78a27578f13a17b -> 
  custom:container-demuxer-webm: 4f35f7cbe854078d1ac9338744f61a02 -> 
  custom:video-encoder-webm-vp8: eb34c28f22e8b96e1ab97ce403110664 -> 
  custom:audio-encoder-webm-vorbis: bf7c407c2cedff20999df2af8eb42d56 -> 
  custom:framework-win-MediaFoundation: 216162199b28c13a410421893ffa2e32 -> 
  custom:container-demuxer-ogg: 62fdf1f143b41e24485cea50d1cbac27 -> 
  custom:video-decoder-webm-vp8: 9c59270c3fd7afecdb556c50c9e8de78 -> 
  custom:audio-decoder-ogg-vorbis: bf7c407c2cedff20999df2af8eb42d56 -> 
========================================================================
Received Prepare
Registering precompiled user dll's ...
Registered in 0.005289 seconds.
Begin MonoManager ReloadAssembly
Symbol file LoadedFromMemory doesn't match image C:\Users\Teknogenetik\Desktop\Projeler\unity-projects\Hamster Rush\Library\PackageCache\com.unity.visualscripting@1.7.8\Editor\VisualScripting.Core\Dependencies\YamlDotNet\Unity.VisualScripting.YamlDotNet.dll
Symbol file LoadedFromMemory doesn't match image C:\Users\Teknogenetik\Desktop\Projeler\unity-projects\Hamster Rush\Library\PackageCache\com.unity.visualscripting@1.7.8\Editor\VisualScripting.Core\Dependencies\DotNetZip\Unity.VisualScripting.IonicZip.dll
Native extension for WindowsStandalone target not found
Refreshing native plugins compatible for Editor in 0.60 ms, found 3 plugins.
Preloading 0 native plugins for Editor in 0.00 ms.
Mono: successfully reloaded assembly
- Completed reload, in  0.767 seconds
Domain Reload Profiling:
	ReloadAssembly (767ms)
		BeginReloadAssembly (106ms)
			ExecutionOrderSort (0ms)
			DisableScriptedObjects (4ms)
			BackupInstance (0ms)
			ReleaseScriptingObjects (0ms)
			CreateAndSetChildDomain (31ms)
		EndReloadAssembly (587ms)
			LoadAssemblies (64ms)
			RebuildTransferFunctionScriptingTraits (0ms)
			SetupTypeCache (183ms)
			ReleaseScriptCaches (1ms)
			RebuildScriptCaches (30ms)
			SetupLoadedEditorAssemblies (273ms)
				LogAssemblyErrors (0ms)
				InitializePlatformSupportModulesInManaged (12ms)
				SetLoadedEditorAssemblies (1ms)
				RefreshPlugins (1ms)
				BeforeProcessingInitializeOnLoad (63ms)
				ProcessInitializeOnLoadAttributes (168ms)
				ProcessInitializeOnLoadMethodAttributes (23ms)
				AfterProcessingInitializeOnLoad (6ms)
				EditorAssembliesLoaded (0ms)
			ExecutionOrderSort2 (0ms)
			AwakeInstancesAfterBackupRestoration (6ms)
Platform modules already initialized, skipping
Refreshing native plugins compatible for Editor in 1.46 ms, found 3 plugins.
Preloading 0 native plugins for Editor in 0.00 ms.
Unloading 3530 Unused Serialized files (Serialized files now loaded: 0)
Unloading 20 unused Assets / (78.1 KB). Loaded Objects now: 4003.
Memory consumption went from 126.0 MB to 125.9 MB.
Total: 2.634800 ms (FindLiveObjects: 0.207200 ms CreateObjectMapping: 0.180300 ms MarkObjects: 2.186300 ms  DeleteObjects: 0.060300 ms)

AssetImportParameters requested are different than current active one (requested -> active):
  custom:video-decoder-ogg-theora: a1e56fd34408186e4bbccfd4996cb3dc -> 
  custom:container-muxer-webm: aa71ff27fc2769a1b78a27578f13a17b -> 
  custom:container-demuxer-webm: 4f35f7cbe854078d1ac9338744f61a02 -> 
  custom:video-encoder-webm-vp8: eb34c28f22e8b96e1ab97ce403110664 -> 
  custom:audio-encoder-webm-vorbis: bf7c407c2cedff20999df2af8eb42d56 -> 
  custom:framework-win-MediaFoundation: 216162199b28c13a410421893ffa2e32 -> 
  custom:container-demuxer-ogg: 62fdf1f143b41e24485cea50d1cbac27 -> 
  custom:video-decoder-webm-vp8: 9c59270c3fd7afecdb556c50c9e8de78 -> 
  custom:audio-decoder-ogg-vorbis: bf7c407c2cedff20999df2af8eb42d56 -> 
========================================================================
Received Import Request.
  Time since last request: 159.363007 seconds.
  path: Assets/Dreamteck/Splines/PlaymakerActions.unitypackage
  artifactKey: Guid(9c6565d620e1e8943a2194cba93f2d27) Importer(815301076,1909f56bfc062723c751e8b465ee728b)
Start importing Assets/Dreamteck/Splines/PlaymakerActions.unitypackage using Guid(9c6565d620e1e8943a2194cba93f2d27) Importer(815301076,1909f56bfc062723c751e8b465ee728b)  -> (artifact id: '8d9d9776d1131ca87b661cd51c4f462e') in 0.015768 seconds 
========================================================================
Received Import Request.
  Time since last request: 2.682494 seconds.
  path: Assets/Dreamteck/Splines/TMPro.unitypackage
  artifactKey: Guid(788565264feffe84799fca5597b76603) Importer(815301076,1909f56bfc062723c751e8b465ee728b)
Start importing Assets/Dreamteck/Splines/TMPro.unitypackage using Guid(788565264feffe84799fca5597b76603) Importer(815301076,1909f56bfc062723c751e8b465ee728b)  -> (artifact id: '905bacda4f2af0c6fa3cf82b3e6a5372') in 0.004953 seconds 
========================================================================
Received Import Request.
  Time since last request: 18.517565 seconds.
  path: Assets/Dreamteck/Splines/Components/Icons/EdgeColliderGenerator.png
  artifactKey: Guid(7417baf45051d9e4b974d45e69811efd) Importer(815301076,1909f56bfc062723c751e8b465ee728b)
Start importing Assets/Dreamteck/Splines/Components/Icons/EdgeColliderGenerator.png using Guid(7417baf45051d9e4b974d45e69811efd) Importer(815301076,1909f56bfc062723c751e8b465ee728b)  -> (artifact id: '4666bf383b416a038fd467d355644043') in 0.075518 seconds 
========================================================================
Received Import Request.
  Time since last request: 0.000015 seconds.
  path: Assets/Dreamteck/Splines/Components/Icons/SplineUser.png
  artifactKey: Guid(9bbaac8eb7021d44b9864113856c00fa) Importer(815301076,1909f56bfc062723c751e8b465ee728b)
Start importing Assets/Dreamteck/Splines/Components/Icons/SplineUser.png using Guid(9bbaac8eb7021d44b9864113856c00fa) Importer(815301076,1909f56bfc062723c751e8b465ee728b)  -> (artifact id: '4ce29ffd2626075e0919f0521a081a30') in 0.009328 seconds 
========================================================================
Received Import Request.
  Time since last request: 0.000016 seconds.
  path: Assets/Dreamteck/Splines/Components/Icons/SplinePositioner.png
  artifactKey: Guid(7445cc27708caa049a4b4ef14d9a5eef) Importer(815301076,1909f56bfc062723c751e8b465ee728b)
Start importing Assets/Dreamteck/Splines/Components/Icons/SplinePositioner.png using Guid(7445cc27708caa049a4b4ef14d9a5eef) Importer(815301076,1909f56bfc062723c751e8b465ee728b)  -> (artifact id: 'd7bf5571b96c108ce28cf8fef85672db') in 0.010713 seconds 
========================================================================
Received Import Request.
  Time since last request: 0.000018 seconds.
  path: Assets/Dreamteck/Splines/Components/Icons/SplineProjector.png
  artifactKey: Guid(9dbfb387ba852e34299827107f06d528) Importer(815301076,1909f56bfc062723c751e8b465ee728b)
Start importing Assets/Dreamteck/Splines/Components/Icons/SplineProjector.png using Guid(9dbfb387ba852e34299827107f06d528) Importer(815301076,1909f56bfc062723c751e8b465ee728b)  -> (artifact id: 'd5e6de0dbc64a5b67b0758e7d0b84832') in 0.009883 seconds 
========================================================================
Received Import Request.
  Time since last request: 0.000016 seconds.
  path: Assets/Dreamteck/Splines/Components/Icons/PathGenerator.png
  artifactKey: Guid(71dadc4e471c37945ba62bf068cf1468) Importer(815301076,1909f56bfc062723c751e8b465ee728b)
Start importing Assets/Dreamteck/Splines/Components/Icons/PathGenerator.png using Guid(71dadc4e471c37945ba62bf068cf1468) Importer(815301076,1909f56bfc062723c751e8b465ee728b)  -> (artifact id: 'b881ebce17278a9c24e47e68d7a978c1') in 0.010440 seconds 
========================================================================
Received Import Request.
  Time since last request: 0.000018 seconds.
  path: Assets/Dreamteck/Splines/Components/Icons/NodeIcon.png
  artifactKey: Guid(09a5be8542799294ab31f6b97c88471b) Importer(815301076,1909f56bfc062723c751e8b465ee728b)
Start importing Assets/Dreamteck/Splines/Components/Icons/NodeIcon.png using Guid(09a5be8542799294ab31f6b97c88471b) Importer(815301076,1909f56bfc062723c751e8b465ee728b)  -> (artifact id: '62315a0a50b79213c34d2a001687196f') in 0.009628 seconds 
========================================================================
Received Import Request.
  Time since last request: 0.000017 seconds.
  path: Assets/Dreamteck/Splines/Components/Icons/SplineMorph.png
  artifactKey: Guid(5a7f65ad6116cff448644595264d0ae4) Importer(815301076,1909f56bfc062723c751e8b465ee728b)
Start importing Assets/Dreamteck/Splines/Components/Icons/SplineMorph.png using Guid(5a7f65ad6116cff448644595264d0ae4) Importer(815301076,1909f56bfc062723c751e8b465ee728b)  -> (artifact id: '106c0fbfe5830c44da2dafb05d9e9273') in 0.009329 seconds 
========================================================================
Received Import Request.
  Time since last request: 0.000013 seconds.
  path: Assets/Dreamteck/Splines/Components/Icons/ObjectBender.png
  artifactKey: Guid(71feaa5f5395f3640a94b1ba649bc941) Importer(815301076,1909f56bfc062723c751e8b465ee728b)
Start importing Assets/Dreamteck/Splines/Components/Icons/ObjectBender.png using Guid(71feaa5f5395f3640a94b1ba649bc941) Importer(815301076,1909f56bfc062723c751e8b465ee728b)  -> (artifact id: '06255adb1c936e5e9d4f2c4dd94411ec') in 0.010402 seconds 
========================================================================
Received Import Request.
  Time since last request: 0.000018 seconds.
  path: Assets/Dreamteck/Splines/Components/Icons/ObjectController.png
  artifactKey: Guid(809d29b9ca1b74947aca02225d2ec233) Importer(815301076,1909f56bfc062723c751e8b465ee728b)
Start importing Assets/Dreamteck/Splines/Components/Icons/ObjectController.png using Guid(809d29b9ca1b74947aca02225d2ec233) Importer(815301076,1909f56bfc062723c751e8b465ee728b)  -> (artifact id: 'df19530516a46d30456863aa9a755bac') in 0.010049 seconds 
========================================================================
Received Import Request.
  Time since last request: 23.288380 seconds.
  path: Assets/Dreamteck/Splines/Components/ObjectController CustomRules/Sine Rule.asset
  artifactKey: Guid(557016a7bc8c3d54b9eaa910dd4483e0) Importer(815301076,1909f56bfc062723c751e8b465ee728b)
Start importing Assets/Dreamteck/Splines/Components/ObjectController CustomRules/Sine Rule.asset using Guid(557016a7bc8c3d54b9eaa910dd4483e0) Importer(815301076,1909f56bfc062723c751e8b465ee728b)  -> (artifact id: 'aa1d58afdb20cdc024f1c915150a1727') in 0.008086 seconds 
========================================================================
Received Import Request.
  Time since last request: 2.597367 seconds.
  path: Assets/Dreamteck/Splines/Components/ObjectController CustomRules/Classes
  artifactKey: Guid(083219ce96b0d6e4093a1654fac83459) Importer(815301076,1909f56bfc062723c751e8b465ee728b)
Start importing Assets/Dreamteck/Splines/Components/ObjectController CustomRules/Classes using Guid(083219ce96b0d6e4093a1654fac83459) Importer(815301076,1909f56bfc062723c751e8b465ee728b)  -> (artifact id: 'c7440a8b5f2dcb38a8d2e4797b8fbe58') in 0.004588 seconds 
========================================================================
Received Import Request.
  Time since last request: 4.004207 seconds.
  path: Assets/Dreamteck/Splines/Components/Sample Modifiers/FollowerSpeedModifier.cs
  artifactKey: Guid(8ef79d2db1fdbb54588b21a1643fabd2) Importer(815301076,1909f56bfc062723c751e8b465ee728b)
Start importing Assets/Dreamteck/Splines/Components/Sample Modifiers/FollowerSpeedModifier.cs using Guid(8ef79d2db1fdbb54588b21a1643fabd2) Importer(815301076,1909f56bfc062723c751e8b465ee728b)  -> (artifact id: '64d321385eca5309d8d04538a9367f05') in 0.004870 seconds 
========================================================================
Received Import Request.
  Time since last request: 10.027985 seconds.
  path: Assets/Dreamteck/Splines/Editor/Dreamteck.Splines.Editor.asmdef
  artifactKey: Guid(dccd6f29df4cff34588f7344b286192f) Importer(815301076,1909f56bfc062723c751e8b465ee728b)
Start importing Assets/Dreamteck/Splines/Editor/Dreamteck.Splines.Editor.asmdef using Guid(dccd6f29df4cff34588f7344b286192f) Importer(815301076,1909f56bfc062723c751e8b465ee728b)  -> (artifact id: 'e4a499ba19ed4c3723805073f76823f2') in 0.005742 seconds 
========================================================================
Received Import Request.
  Time since last request: 3.635336 seconds.
  path: Assets/Dreamteck/Splines/Editor/Icons/add.png
  artifactKey: Guid(7a5d15f3cf0772b4eaea6396d1733b62) Importer(815301076,1909f56bfc062723c751e8b465ee728b)
Start importing Assets/Dreamteck/Splines/Editor/Icons/add.png using Guid(7a5d15f3cf0772b4eaea6396d1733b62) Importer(815301076,1909f56bfc062723c751e8b465ee728b)  -> (artifact id: '28291f82068d23e93eaf068877459ad1') in 0.010091 seconds 
========================================================================
Received Import Request.
  Time since last request: 0.000014 seconds.
  path: Assets/Dreamteck/Splines/Editor/Icons/primitives_dark.png
  artifactKey: Guid(852046afe3afc3c4da5193739b14c8ea) Importer(815301076,1909f56bfc062723c751e8b465ee728b)
Start importing Assets/Dreamteck/Splines/Editor/Icons/primitives_dark.png using Guid(852046afe3afc3c4da5193739b14c8ea) Importer(815301076,1909f56bfc062723c751e8b465ee728b)  -> (artifact id: '740240c4fd710e7b8a8a2c8f07eb1134') in 0.010317 seconds 
========================================================================
Received Import Request.
  Time since last request: 0.000013 seconds.
  path: Assets/Dreamteck/Splines/Editor/Icons/merge_on.png
  artifactKey: Guid(d82300e7e8792094fb8826337e6b6e9c) Importer(815301076,1909f56bfc062723c751e8b465ee728b)
Start importing Assets/Dreamteck/Splines/Editor/Icons/merge_on.png using Guid(d82300e7e8792094fb8826337e6b6e9c) Importer(815301076,1909f56bfc062723c751e8b465ee728b)  -> (artifact id: '8d73a76dcbf7143967d1198cf843ca63') in 0.009159 seconds 
========================================================================
Received Import Request.
  Time since last request: 0.000016 seconds.
  path: Assets/Dreamteck/Splines/Editor/Icons/plugin_header.png
  artifactKey: Guid(2fed21bdf8555094b92db4aab04d1b8f) Importer(815301076,1909f56bfc062723c751e8b465ee728b)
Start importing Assets/Dreamteck/Splines/Editor/Icons/plugin_header.png using Guid(2fed21bdf8555094b92db4aab04d1b8f) Importer(815301076,1909f56bfc062723c751e8b465ee728b)  -> (artifact id: 'cf5f517b4fea8c619cf2ec3fc5a315cb') in 0.009637 seconds 
========================================================================
Received Import Request.
  Time since last request: 0.000013 seconds.
  path: Assets/Dreamteck/Splines/Editor/Icons/normal_on.png
  artifactKey: Guid(55e9a5818ff4c0f4fabcbfa0e7cb4bcd) Importer(815301076,1909f56bfc062723c751e8b465ee728b)
Start importing Assets/Dreamteck/Splines/Editor/Icons/normal_on.png using Guid(55e9a5818ff4c0f4fabcbfa0e7cb4bcd) Importer(815301076,1909f56bfc062723c751e8b465ee728b)  -> (artifact id: '79c432b39714a5a0f1a149b29127aecb') in 0.008719 seconds 
========================================================================
Received Import Request.
  Time since last request: 0.000014 seconds.
  path: Assets/Dreamteck/Splines/Editor/Icons/primitives_on_dark.png
  artifactKey: Guid(34931132cbe14dc40b617dc7a2dda186) Importer(815301076,1909f56bfc062723c751e8b465ee728b)
Start importing Assets/Dreamteck/Splines/Editor/Icons/primitives_on_dark.png using Guid(34931132cbe14dc40b617dc7a2dda186) Importer(815301076,1909f56bfc062723c751e8b465ee728b)  -> (artifact id: '52557359e0e2487835b6dbd31c5b865c') in 0.009136 seconds 
========================================================================
Received Import Request.
  Time since last request: 0.000013 seconds.
  path: Assets/Dreamteck/Splines/Editor/Icons/primitives.png
  artifactKey: Guid(6ec9e8641084dad41b534a95607e9293) Importer(815301076,1909f56bfc062723c751e8b465ee728b)
Start importing Assets/Dreamteck/Splines/Editor/Icons/primitives.png using Guid(6ec9e8641084dad41b534a95607e9293) Importer(815301076,1909f56bfc062723c751e8b465ee728b)  -> (artifact id: 'e55c85849e16e9192ff2255ac41a0386') in 0.008800 seconds 
========================================================================
Received Import Request.
  Time since last request: 0.000019 seconds.
  path: Assets/Dreamteck/Splines/Editor/Icons/remove_on.png
  artifactKey: Guid(3597e623538af98449ca9f6d8a5b182e) Importer(815301076,1909f56bfc062723c751e8b465ee728b)
Start importing Assets/Dreamteck/Splines/Editor/Icons/remove_on.png using Guid(3597e623538af98449ca9f6d8a5b182e) Importer(815301076,1909f56bfc062723c751e8b465ee728b)  -> (artifact id: '1f61a4e37f57a478bcd0d1ae5e1772f4') in 0.009910 seconds 
========================================================================
Received Import Request.
  Time since last request: 0.000016 seconds.
  path: Assets/Dreamteck/Splines/Editor/Icons/merge_dark.png
  artifactKey: Guid(77974715df2046f4992d743bb4270675) Importer(815301076,1909f56bfc062723c751e8b465ee728b)
Start importing Assets/Dreamteck/Splines/Editor/Icons/merge_dark.png using Guid(77974715df2046f4992d743bb4270675) Importer(815301076,1909f56bfc062723c751e8b465ee728b)  -> (artifact id: '84b00549112b0a828ec4466855af1a5a') in 0.009802 seconds 
========================================================================
Received Import Request.
  Time since last request: 0.000014 seconds.
  path: Assets/Dreamteck/Splines/Editor/Icons/primitives_on.png
  artifactKey: Guid(98beb0caa087b304abec853edc1d5b49) Importer(815301076,1909f56bfc062723c751e8b465ee728b)
Start importing Assets/Dreamteck/Splines/Editor/Icons/primitives_on.png using Guid(98beb0caa087b304abec853edc1d5b49) Importer(815301076,1909f56bfc062723c751e8b465ee728b)  -> (artifact id: 'f87808f2864f8e88e2c68aade1757576') in 0.009855 seconds 
========================================================================
Received Import Request.
  Time since last request: 0.000013 seconds.
  path: Assets/Dreamteck/Splines/Editor/Icons/split.png
  artifactKey: Guid(e95006705b12c444e94fc811b39a8ba8) Importer(815301076,1909f56bfc062723c751e8b465ee728b)
Start importing Assets/Dreamteck/Splines/Editor/Icons/split.png using Guid(e95006705b12c444e94fc811b39a8ba8) Importer(815301076,1909f56bfc062723c751e8b465ee728b)  -> (artifact id: '7a242bc3d3bafdc7f7616056e6ee98d2') in 0.008936 seconds 
========================================================================
Received Import Request.
  Time since last request: 0.000013 seconds.
  path: Assets/Dreamteck/Splines/Editor/Icons/add_on_dark.png
  artifactKey: Guid(0fe44e4f40f01a944acc051bb6a386ff) Importer(815301076,1909f56bfc062723c751e8b465ee728b)
Start importing Assets/Dreamteck/Splines/Editor/Icons/add_on_dark.png using Guid(0fe44e4f40f01a944acc051bb6a386ff) Importer(815301076,1909f56bfc062723c751e8b465ee728b)  -> (artifact id: '07b958885605d3a690506e84c7845f56') in 0.008386 seconds 
========================================================================
Received Import Request.
  Time since last request: 0.000021 seconds.
  path: Assets/Dreamteck/Splines/Editor/Icons/split_on.png
  artifactKey: Guid(88bb8263fd19d2447a9640ce93de3454) Importer(815301076,1909f56bfc062723c751e8b465ee728b)
Start importing Assets/Dreamteck/Splines/Editor/Icons/split_on.png using Guid(88bb8263fd19d2447a9640ce93de3454) Importer(815301076,1909f56bfc062723c751e8b465ee728b)  -> (artifact id: 'd3c1e5a0f3fbb8cef4084eaaf8380d84') in 0.009328 seconds 
========================================================================
Received Import Request.
  Time since last request: 10.363585 seconds.
  path: Assets/Dreamteck/Splines/Examples/AudioVisualization/bensound-dubstep.mp3
  artifactKey: Guid(4464e203b9fee474c9fcdc8c4f920746) Importer(815301076,1909f56bfc062723c751e8b465ee728b)
Start importing Assets/Dreamteck/Splines/Examples/AudioVisualization/bensound-dubstep.mp3 using Guid(4464e203b9fee474c9fcdc8c4f920746) Importer(815301076,1909f56bfc062723c751e8b465ee728b)  -> (artifact id: 'f2df84a31427a06909a7607101e24b36') in 0.056835 seconds 
========================================================================
Received Import Request.
  Time since last request: 7.326591 seconds.
  path: Assets/Dreamteck/Splines/Examples/Projection/Ball.physicMaterial
  artifactKey: Guid(9f8ccbe557a28cf4fa7c44e0c9f2749a) Importer(815301076,1909f56bfc062723c751e8b465ee728b)
Start importing Assets/Dreamteck/Splines/Examples/Projection/Ball.physicMaterial using Guid(9f8ccbe557a28cf4fa7c44e0c9f2749a) Importer(815301076,1909f56bfc062723c751e8b465ee728b)  -> (artifact id: '734066a90f05b4eced5cd49f9a408a59') in 0.006498 seconds 
========================================================================
Received Import Request.
  Time since last request: 6.294098 seconds.
  path: Assets/Dreamteck/Splines/Examples/Particles/Scene.unity
  artifactKey: Guid(d7738751f69804b419bc43fab2e7eb2f) Importer(815301076,1909f56bfc062723c751e8b465ee728b)
Start importing Assets/Dreamteck/Splines/Examples/Particles/Scene.unity using Guid(d7738751f69804b419bc43fab2e7eb2f) Importer(815301076,1909f56bfc062723c751e8b465ee728b)  -> (artifact id: 'dc9342bdd26d692582ce41027dca8502') in 0.001945 seconds 
========================================================================
Received Prepare
Registering precompiled user dll's ...
Registered in 0.005957 seconds.
Begin MonoManager ReloadAssembly
Symbol file LoadedFromMemory doesn't match image C:\Users\Teknogenetik\Desktop\Projeler\unity-projects\Hamster Rush\Library\PackageCache\com.unity.visualscripting@1.7.8\Editor\VisualScripting.Core\Dependencies\YamlDotNet\Unity.VisualScripting.YamlDotNet.dll
Symbol file LoadedFromMemory doesn't match image C:\Users\Teknogenetik\Desktop\Projeler\unity-projects\Hamster Rush\Library\PackageCache\com.unity.visualscripting@1.7.8\Editor\VisualScripting.Core\Dependencies\DotNetZip\Unity.VisualScripting.IonicZip.dll
Native extension for WindowsStandalone target not found
Refreshing native plugins compatible for Editor in 0.88 ms, found 3 plugins.
Preloading 0 native plugins for Editor in 0.00 ms.
Mono: successfully reloaded assembly
- Completed reload, in  0.865 seconds
Domain Reload Profiling:
	ReloadAssembly (866ms)
		BeginReloadAssembly (125ms)
			ExecutionOrderSort (0ms)
			DisableScriptedObjects (4ms)
			BackupInstance (0ms)
			ReleaseScriptingObjects (0ms)
			CreateAndSetChildDomain (38ms)
		EndReloadAssembly (659ms)
			LoadAssemblies (72ms)
			RebuildTransferFunctionScriptingTraits (0ms)
			SetupTypeCache (219ms)
			ReleaseScriptCaches (1ms)
			RebuildScriptCaches (37ms)
			SetupLoadedEditorAssemblies (290ms)
				LogAssemblyErrors (0ms)
				InitializePlatformSupportModulesInManaged (12ms)
				SetLoadedEditorAssemblies (1ms)
				RefreshPlugins (1ms)
				BeforeProcessingInitializeOnLoad (63ms)
				ProcessInitializeOnLoadAttributes (183ms)
				ProcessInitializeOnLoadMethodAttributes (24ms)
				AfterProcessingInitializeOnLoad (6ms)
				EditorAssembliesLoaded (0ms)
			ExecutionOrderSort2 (0ms)
			AwakeInstancesAfterBackupRestoration (6ms)
Platform modules already initialized, skipping
Refreshing native plugins compatible for Editor in 1.66 ms, found 3 plugins.
Preloading 0 native plugins for Editor in 0.00 ms.
Unloading 3530 Unused Serialized files (Serialized files now loaded: 0)
Unloading 20 unused Assets / (78.2 KB). Loaded Objects now: 4016.
Memory consumption went from 126.2 MB to 126.1 MB.
Total: 2.438900 ms (FindLiveObjects: 0.186500 ms CreateObjectMapping: 0.070700 ms MarkObjects: 2.121400 ms  DeleteObjects: 0.059600 ms)

AssetImportParameters requested are different than current active one (requested -> active):
  custom:video-decoder-ogg-theora: a1e56fd34408186e4bbccfd4996cb3dc -> 
  custom:container-muxer-webm: aa71ff27fc2769a1b78a27578f13a17b -> 
  custom:container-demuxer-webm: 4f35f7cbe854078d1ac9338744f61a02 -> 
  custom:video-encoder-webm-vp8: eb34c28f22e8b96e1ab97ce403110664 -> 
  custom:audio-encoder-webm-vorbis: bf7c407c2cedff20999df2af8eb42d56 -> 
  custom:framework-win-MediaFoundation: 216162199b28c13a410421893ffa2e32 -> 
  custom:container-demuxer-ogg: 62fdf1f143b41e24485cea50d1cbac27 -> 
  custom:video-decoder-webm-vp8: 9c59270c3fd7afecdb556c50c9e8de78 -> 
  custom:audio-decoder-ogg-vorbis: bf7c407c2cedff20999df2af8eb42d56 -> 
========================================================================
Received Import Request.
  Time since last request: 21.353748 seconds.
  path: Assets/Dreamteck/Splines/Examples/Projection/Scene.unity
  artifactKey: Guid(eef173721c81cc8409ca7eec79c6a666) Importer(815301076,1909f56bfc062723c751e8b465ee728b)
Start importing Assets/Dreamteck/Splines/Examples/Projection/Scene.unity using Guid(eef173721c81cc8409ca7eec79c6a666) Importer(815301076,1909f56bfc062723c751e8b465ee728b)  -> (artifact id: '92c65bd7a9c084a0e689d85b17ffeb94') in 0.006744 seconds 
========================================================================
Received Prepare
Registering precompiled user dll's ...
Registered in 0.005629 seconds.
Begin MonoManager ReloadAssembly
Symbol file LoadedFromMemory doesn't match image C:\Users\Teknogenetik\Desktop\Projeler\unity-projects\Hamster Rush\Library\PackageCache\com.unity.visualscripting@1.7.8\Editor\VisualScripting.Core\Dependencies\YamlDotNet\Unity.VisualScripting.YamlDotNet.dll
Symbol file LoadedFromMemory doesn't match image C:\Users\Teknogenetik\Desktop\Projeler\unity-projects\Hamster Rush\Library\PackageCache\com.unity.visualscripting@1.7.8\Editor\VisualScripting.Core\Dependencies\DotNetZip\Unity.VisualScripting.IonicZip.dll
Native extension for WindowsStandalone target not found
Refreshing native plugins compatible for Editor in 0.77 ms, found 3 plugins.
Preloading 0 native plugins for Editor in 0.00 ms.
Mono: successfully reloaded assembly
- Completed reload, in  0.835 seconds
Domain Reload Profiling:
	ReloadAssembly (836ms)
		BeginReloadAssembly (110ms)
			ExecutionOrderSort (0ms)
			DisableScriptedObjects (4ms)
			BackupInstance (0ms)
			ReleaseScriptingObjects (0ms)
			CreateAndSetChildDomain (31ms)
		EndReloadAssembly (647ms)
			LoadAssemblies (66ms)
			RebuildTransferFunctionScriptingTraits (0ms)
			SetupTypeCache (211ms)
			ReleaseScriptCaches (1ms)
			RebuildScriptCaches (35ms)
			SetupLoadedEditorAssemblies (292ms)
				LogAssemblyErrors (0ms)
				InitializePlatformSupportModulesInManaged (11ms)
				SetLoadedEditorAssemblies (1ms)
				RefreshPlugins (1ms)
				BeforeProcessingInitializeOnLoad (64ms)
				ProcessInitializeOnLoadAttributes (182ms)
				ProcessInitializeOnLoadMethodAttributes (25ms)
				AfterProcessingInitializeOnLoad (9ms)
				EditorAssembliesLoaded (0ms)
			ExecutionOrderSort2 (0ms)
			AwakeInstancesAfterBackupRestoration (6ms)
Platform modules already initialized, skipping
Refreshing native plugins compatible for Editor in 1.80 ms, found 3 plugins.
Preloading 0 native plugins for Editor in 0.00 ms.
Unloading 3530 Unused Serialized files (Serialized files now loaded: 0)
Unloading 20 unused Assets / (78.2 KB). Loaded Objects now: 4019.
Memory consumption went from 126.2 MB to 126.1 MB.
Total: 2.678500 ms (FindLiveObjects: 0.213100 ms CreateObjectMapping: 0.076100 ms MarkObjects: 2.304700 ms  DeleteObjects: 0.084000 ms)

AssetImportParameters requested are different than current active one (requested -> active):
  custom:video-decoder-ogg-theora: a1e56fd34408186e4bbccfd4996cb3dc -> 
  custom:container-muxer-webm: aa71ff27fc2769a1b78a27578f13a17b -> 
  custom:container-demuxer-webm: 4f35f7cbe854078d1ac9338744f61a02 -> 
  custom:video-encoder-webm-vp8: eb34c28f22e8b96e1ab97ce403110664 -> 
  custom:audio-encoder-webm-vorbis: bf7c407c2cedff20999df2af8eb42d56 -> 
  custom:framework-win-MediaFoundation: 216162199b28c13a410421893ffa2e32 -> 
  custom:container-demuxer-ogg: 62fdf1f143b41e24485cea50d1cbac27 -> 
  custom:video-decoder-webm-vp8: 9c59270c3fd7afecdb556c50c9e8de78 -> 
  custom:audio-decoder-ogg-vorbis: bf7c407c2cedff20999df2af8eb42d56 -> 
========================================================================
Received Import Request.
  Time since last request: 49.590784 seconds.
  path: Assets/Dreamteck/Splines/Examples/RollerCoaster/Scene.unity
  artifactKey: Guid(21a6bf6157f8a7c43b2a813c3edf889f) Importer(815301076,1909f56bfc062723c751e8b465ee728b)
Start importing Assets/Dreamteck/Splines/Examples/RollerCoaster/Scene.unity using Guid(21a6bf6157f8a7c43b2a813c3edf889f) Importer(815301076,1909f56bfc062723c751e8b465ee728b)  -> (artifact id: 'cf1e3eb70972386e4e70413151e92569') in 0.006208 seconds 
========================================================================
Received Prepare
Registering precompiled user dll's ...
Registered in 0.005395 seconds.
Begin MonoManager ReloadAssembly
Symbol file LoadedFromMemory doesn't match image C:\Users\Teknogenetik\Desktop\Projeler\unity-projects\Hamster Rush\Library\PackageCache\com.unity.visualscripting@1.7.8\Editor\VisualScripting.Core\Dependencies\YamlDotNet\Unity.VisualScripting.YamlDotNet.dll
Symbol file LoadedFromMemory doesn't match image C:\Users\Teknogenetik\Desktop\Projeler\unity-projects\Hamster Rush\Library\PackageCache\com.unity.visualscripting@1.7.8\Editor\VisualScripting.Core\Dependencies\DotNetZip\Unity.VisualScripting.IonicZip.dll
Native extension for WindowsStandalone target not found
Refreshing native plugins compatible for Editor in 0.57 ms, found 3 plugins.
Preloading 0 native plugins for Editor in 0.00 ms.
Mono: successfully reloaded assembly
- Completed reload, in  0.787 seconds
Domain Reload Profiling:
	ReloadAssembly (788ms)
		BeginReloadAssembly (111ms)
			ExecutionOrderSort (0ms)
			DisableScriptedObjects (4ms)
			BackupInstance (0ms)
			ReleaseScriptingObjects (0ms)
			CreateAndSetChildDomain (32ms)
		EndReloadAssembly (592ms)
			LoadAssemblies (67ms)
			RebuildTransferFunctionScriptingTraits (0ms)
			SetupTypeCache (194ms)
			ReleaseScriptCaches (1ms)
			RebuildScriptCaches (33ms)
			SetupLoadedEditorAssemblies (267ms)
				LogAssemblyErrors (0ms)
				InitializePlatformSupportModulesInManaged (11ms)
				SetLoadedEditorAssemblies (0ms)
				RefreshPlugins (1ms)
				BeforeProcessingInitializeOnLoad (57ms)
				ProcessInitializeOnLoadAttributes (169ms)
				ProcessInitializeOnLoadMethodAttributes (24ms)
				AfterProcessingInitializeOnLoad (6ms)
				EditorAssembliesLoaded (0ms)
			ExecutionOrderSort2 (0ms)
			AwakeInstancesAfterBackupRestoration (5ms)
Platform modules already initialized, skipping
Refreshing native plugins compatible for Editor in 1.57 ms, found 3 plugins.
Preloading 0 native plugins for Editor in 0.00 ms.
Unloading 3530 Unused Serialized files (Serialized files now loaded: 0)
Unloading 20 unused Assets / (78.2 KB). Loaded Objects now: 4022.
Memory consumption went from 126.2 MB to 126.1 MB.
Total: 2.483500 ms (FindLiveObjects: 0.194700 ms CreateObjectMapping: 0.126400 ms MarkObjects: 2.093200 ms  DeleteObjects: 0.068400 ms)

AssetImportParameters requested are different than current active one (requested -> active):
  custom:video-decoder-ogg-theora: a1e56fd34408186e4bbccfd4996cb3dc -> 
  custom:container-muxer-webm: aa71ff27fc2769a1b78a27578f13a17b -> 
  custom:container-demuxer-webm: 4f35f7cbe854078d1ac9338744f61a02 -> 
  custom:video-encoder-webm-vp8: eb34c28f22e8b96e1ab97ce403110664 -> 
  custom:audio-encoder-webm-vorbis: bf7c407c2cedff20999df2af8eb42d56 -> 
  custom:framework-win-MediaFoundation: 216162199b28c13a410421893ffa2e32 -> 
  custom:container-demuxer-ogg: 62fdf1f143b41e24485cea50d1cbac27 -> 
  custom:video-decoder-webm-vp8: 9c59270c3fd7afecdb556c50c9e8de78 -> 
  custom:audio-decoder-ogg-vorbis: bf7c407c2cedff20999df2af8eb42d56 -> 
========================================================================
Received Import Request.
  Time since last request: 11.955190 seconds.
  path: Assets/Dreamteck/Splines/Examples/Morphs/Morph.mat
  artifactKey: Guid(330e949826f77f648a0b4a70ca788d94) Importer(815301076,1909f56bfc062723c751e8b465ee728b)
Start importing Assets/Dreamteck/Splines/Examples/Morphs/Morph.mat using Guid(330e949826f77f648a0b4a70ca788d94) Importer(815301076,1909f56bfc062723c751e8b465ee728b)  -> (artifact id: 'b8f931e55e5075acbf49df031b2dec7a') in 1.546523 seconds 
========================================================================
Received Prepare
Registering precompiled user dll's ...
Registered in 0.005441 seconds.
Begin MonoManager ReloadAssembly
Symbol file LoadedFromMemory doesn't match image C:\Users\Teknogenetik\Desktop\Projeler\unity-projects\Hamster Rush\Library\PackageCache\com.unity.visualscripting@1.7.8\Editor\VisualScripting.Core\Dependencies\YamlDotNet\Unity.VisualScripting.YamlDotNet.dll
Symbol file LoadedFromMemory doesn't match image C:\Users\Teknogenetik\Desktop\Projeler\unity-projects\Hamster Rush\Library\PackageCache\com.unity.visualscripting@1.7.8\Editor\VisualScripting.Core\Dependencies\DotNetZip\Unity.VisualScripting.IonicZip.dll
Native extension for WindowsStandalone target not found
Refreshing native plugins compatible for Editor in 0.82 ms, found 3 plugins.
Preloading 0 native plugins for Editor in 0.00 ms.
Mono: successfully reloaded assembly
- Completed reload, in  0.792 seconds
Domain Reload Profiling:
	ReloadAssembly (793ms)
		BeginReloadAssembly (106ms)
			ExecutionOrderSort (0ms)
			DisableScriptedObjects (3ms)
			BackupInstance (0ms)
			ReleaseScriptingObjects (0ms)
			CreateAndSetChildDomain (29ms)
		EndReloadAssembly (614ms)
			LoadAssemblies (67ms)
			RebuildTransferFunctionScriptingTraits (0ms)
			SetupTypeCache (198ms)
			ReleaseScriptCaches (1ms)
			RebuildScriptCaches (36ms)
			SetupLoadedEditorAssemblies (275ms)
				LogAssemblyErrors (0ms)
				InitializePlatformSupportModulesInManaged (11ms)
				SetLoadedEditorAssemblies (1ms)
				RefreshPlugins (1ms)
				BeforeProcessingInitializeOnLoad (59ms)
				ProcessInitializeOnLoadAttributes (173ms)
				ProcessInitializeOnLoadMethodAttributes (24ms)
				AfterProcessingInitializeOnLoad (6ms)
				EditorAssembliesLoaded (0ms)
			ExecutionOrderSort2 (0ms)
			AwakeInstancesAfterBackupRestoration (6ms)
Platform modules already initialized, skipping
Refreshing native plugins compatible for Editor in 1.70 ms, found 3 plugins.
Preloading 0 native plugins for Editor in 0.00 ms.
Unloading 3530 Unused Serialized files (Serialized files now loaded: 0)
Unloading 20 unused Assets / (78.3 KB). Loaded Objects now: 4059.
Memory consumption went from 199.1 MB to 199.0 MB.
Total: 3.434400 ms (FindLiveObjects: 0.291700 ms CreateObjectMapping: 0.074600 ms MarkObjects: 2.954000 ms  DeleteObjects: 0.113400 ms)

AssetImportParameters requested are different than current active one (requested -> active):
  custom:video-decoder-ogg-theora: a1e56fd34408186e4bbccfd4996cb3dc -> 
  custom:container-muxer-webm: aa71ff27fc2769a1b78a27578f13a17b -> 
  custom:container-demuxer-webm: 4f35f7cbe854078d1ac9338744f61a02 -> 
  custom:video-encoder-webm-vp8: eb34c28f22e8b96e1ab97ce403110664 -> 
  custom:audio-encoder-webm-vorbis: bf7c407c2cedff20999df2af8eb42d56 -> 
  custom:framework-win-MediaFoundation: 216162199b28c13a410421893ffa2e32 -> 
  custom:container-demuxer-ogg: 62fdf1f143b41e24485cea50d1cbac27 -> 
  custom:video-decoder-webm-vp8: 9c59270c3fd7afecdb556c50c9e8de78 -> 
  custom:audio-decoder-ogg-vorbis: bf7c407c2cedff20999df2af8eb42d56 -> 
========================================================================
Received Import Request.
  Time since last request: 34.572855 seconds.
  path: Assets/Dreamteck/Splines/Examples/LengthEvents/LengthEvents.unity
  artifactKey: Guid(959112f23950bc646a43f61743a01a6c) Importer(815301076,1909f56bfc062723c751e8b465ee728b)
Start importing Assets/Dreamteck/Splines/Examples/LengthEvents/LengthEvents.unity using Guid(959112f23950bc646a43f61743a01a6c) Importer(815301076,1909f56bfc062723c751e8b465ee728b)  -> (artifact id: 'bc06300eea282f414c5efc436f785a98') in 0.009621 seconds 
========================================================================
Received Prepare
Registering precompiled user dll's ...
Registered in 0.006531 seconds.
Begin MonoManager ReloadAssembly
Symbol file LoadedFromMemory doesn't match image C:\Users\Teknogenetik\Desktop\Projeler\unity-projects\Hamster Rush\Library\PackageCache\com.unity.visualscripting@1.7.8\Editor\VisualScripting.Core\Dependencies\YamlDotNet\Unity.VisualScripting.YamlDotNet.dll
Symbol file LoadedFromMemory doesn't match image C:\Users\Teknogenetik\Desktop\Projeler\unity-projects\Hamster Rush\Library\PackageCache\com.unity.visualscripting@1.7.8\Editor\VisualScripting.Core\Dependencies\DotNetZip\Unity.VisualScripting.IonicZip.dll
Native extension for WindowsStandalone target not found
Refreshing native plugins compatible for Editor in 0.57 ms, found 3 plugins.
Preloading 0 native plugins for Editor in 0.00 ms.
Mono: successfully reloaded assembly
- Completed reload, in  0.776 seconds
Domain Reload Profiling:
	ReloadAssembly (776ms)
		BeginReloadAssembly (108ms)
			ExecutionOrderSort (0ms)
			DisableScriptedObjects (4ms)
			BackupInstance (0ms)
			ReleaseScriptingObjects (0ms)
			CreateAndSetChildDomain (30ms)
		EndReloadAssembly (591ms)
			LoadAssemblies (67ms)
			RebuildTransferFunctionScriptingTraits (0ms)
			SetupTypeCache (183ms)
			ReleaseScriptCaches (1ms)
			RebuildScriptCaches (31ms)
			SetupLoadedEditorAssemblies (272ms)
				LogAssemblyErrors (0ms)
				InitializePlatformSupportModulesInManaged (10ms)
				SetLoadedEditorAssemblies (0ms)
				RefreshPlugins (1ms)
				BeforeProcessingInitializeOnLoad (58ms)
				ProcessInitializeOnLoadAttributes (172ms)
				ProcessInitializeOnLoadMethodAttributes (24ms)
				AfterProcessingInitializeOnLoad (6ms)
				EditorAssembliesLoaded (0ms)
			ExecutionOrderSort2 (0ms)
			AwakeInstancesAfterBackupRestoration (6ms)
Platform modules already initialized, skipping
Refreshing native plugins compatible for Editor in 1.75 ms, found 3 plugins.
Preloading 0 native plugins for Editor in 0.00 ms.
Unloading 3530 Unused Serialized files (Serialized files now loaded: 0)
Unloading 20 unused Assets / (78.2 KB). Loaded Objects now: 4062.
Memory consumption went from 199.1 MB to 199.0 MB.
Total: 2.520900 ms (FindLiveObjects: 0.223000 ms CreateObjectMapping: 0.110400 ms MarkObjects: 2.119800 ms  DeleteObjects: 0.067300 ms)

AssetImportParameters requested are different than current active one (requested -> active):
  custom:video-decoder-ogg-theora: a1e56fd34408186e4bbccfd4996cb3dc -> 
  custom:container-muxer-webm: aa71ff27fc2769a1b78a27578f13a17b -> 
  custom:container-demuxer-webm: 4f35f7cbe854078d1ac9338744f61a02 -> 
  custom:video-encoder-webm-vp8: eb34c28f22e8b96e1ab97ce403110664 -> 
  custom:audio-encoder-webm-vorbis: bf7c407c2cedff20999df2af8eb42d56 -> 
  custom:framework-win-MediaFoundation: 216162199b28c13a410421893ffa2e32 -> 
  custom:container-demuxer-ogg: 62fdf1f143b41e24485cea50d1cbac27 -> 
  custom:video-decoder-webm-vp8: 9c59270c3fd7afecdb556c50c9e8de78 -> 
  custom:audio-decoder-ogg-vorbis: bf7c407c2cedff20999df2af8eb42d56 -> 
========================================================================
Received Import Request.
  Time since last request: 68.866869 seconds.
  path: Assets/Dreamteck/Splines/Examples/Junctions/Scene.unity
  artifactKey: Guid(dfd4d23a0f6b8db438a0badec539b589) Importer(815301076,1909f56bfc062723c751e8b465ee728b)
Start importing Assets/Dreamteck/Splines/Examples/Junctions/Scene.unity using Guid(dfd4d23a0f6b8db438a0badec539b589) Importer(815301076,1909f56bfc062723c751e8b465ee728b)  -> (artifact id: '11e634fb2b3a2e2774bf64d18c7faa08') in 0.005979 seconds 
========================================================================
Received Prepare
Registering precompiled user dll's ...
Registered in 0.006125 seconds.
Begin MonoManager ReloadAssembly
Symbol file LoadedFromMemory doesn't match image C:\Users\Teknogenetik\Desktop\Projeler\unity-projects\Hamster Rush\Library\PackageCache\com.unity.visualscripting@1.7.8\Editor\VisualScripting.Core\Dependencies\YamlDotNet\Unity.VisualScripting.YamlDotNet.dll
Symbol file LoadedFromMemory doesn't match image C:\Users\Teknogenetik\Desktop\Projeler\unity-projects\Hamster Rush\Library\PackageCache\com.unity.visualscripting@1.7.8\Editor\VisualScripting.Core\Dependencies\DotNetZip\Unity.VisualScripting.IonicZip.dll
Native extension for WindowsStandalone target not found
Refreshing native plugins compatible for Editor in 0.60 ms, found 3 plugins.
Preloading 0 native plugins for Editor in 0.00 ms.
Mono: successfully reloaded assembly
- Completed reload, in  0.791 seconds
Domain Reload Profiling:
	ReloadAssembly (792ms)
		BeginReloadAssembly (112ms)
			ExecutionOrderSort (0ms)
			DisableScriptedObjects (4ms)
			BackupInstance (0ms)
			ReleaseScriptingObjects (0ms)
			CreateAndSetChildDomain (29ms)
		EndReloadAssembly (608ms)
			LoadAssemblies (71ms)
			RebuildTransferFunctionScriptingTraits (0ms)
			SetupTypeCache (195ms)
			ReleaseScriptCaches (1ms)
			RebuildScriptCaches (32ms)
			SetupLoadedEditorAssemblies (278ms)
				LogAssemblyErrors (0ms)
				InitializePlatformSupportModulesInManaged (11ms)
				SetLoadedEditorAssemblies (0ms)
				RefreshPlugins (1ms)
				BeforeProcessingInitializeOnLoad (62ms)
				ProcessInitializeOnLoadAttributes (174ms)
				ProcessInitializeOnLoadMethodAttributes (24ms)
				AfterProcessingInitializeOnLoad (6ms)
				EditorAssembliesLoaded (0ms)
			ExecutionOrderSort2 (0ms)
			AwakeInstancesAfterBackupRestoration (5ms)
Platform modules already initialized, skipping
Refreshing native plugins compatible for Editor in 1.71 ms, found 3 plugins.
Preloading 0 native plugins for Editor in 0.00 ms.
Unloading 3530 Unused Serialized files (Serialized files now loaded: 0)
Unloading 20 unused Assets / (78.3 KB). Loaded Objects now: 4065.
Memory consumption went from 199.1 MB to 199.0 MB.
Total: 2.671100 ms (FindLiveObjects: 0.206900 ms CreateObjectMapping: 0.118500 ms MarkObjects: 2.275300 ms  DeleteObjects: 0.069700 ms)

AssetImportParameters requested are different than current active one (requested -> active):
  custom:video-decoder-ogg-theora: a1e56fd34408186e4bbccfd4996cb3dc -> 
  custom:container-muxer-webm: aa71ff27fc2769a1b78a27578f13a17b -> 
  custom:container-demuxer-webm: 4f35f7cbe854078d1ac9338744f61a02 -> 
  custom:video-encoder-webm-vp8: eb34c28f22e8b96e1ab97ce403110664 -> 
  custom:audio-encoder-webm-vorbis: bf7c407c2cedff20999df2af8eb42d56 -> 
  custom:framework-win-MediaFoundation: 216162199b28c13a410421893ffa2e32 -> 
  custom:container-demuxer-ogg: 62fdf1f143b41e24485cea50d1cbac27 -> 
  custom:video-decoder-webm-vp8: 9c59270c3fd7afecdb556c50c9e8de78 -> 
  custom:audio-decoder-ogg-vorbis: bf7c407c2cedff20999df2af8eb42d56 -> 
========================================================================
Received Import Request.
  Time since last request: 33.724770 seconds.
  path: Assets/Dreamteck/Splines/Examples/Following/Scene.unity
  artifactKey: Guid(3d9c5bdf759276d4ca2c4ff4247e3dfd) Importer(815301076,1909f56bfc062723c751e8b465ee728b)
Start importing Assets/Dreamteck/Splines/Examples/Following/Scene.unity using Guid(3d9c5bdf759276d4ca2c4ff4247e3dfd) Importer(815301076,1909f56bfc062723c751e8b465ee728b)  -> (artifact id: '4b64868d3da95eab68a17ee822a29f82') in 0.006343 seconds 
========================================================================
Received Prepare
Registering precompiled user dll's ...
Registered in 0.004922 seconds.
Begin MonoManager ReloadAssembly
Symbol file LoadedFromMemory doesn't match image C:\Users\Teknogenetik\Desktop\Projeler\unity-projects\Hamster Rush\Library\PackageCache\com.unity.visualscripting@1.7.8\Editor\VisualScripting.Core\Dependencies\YamlDotNet\Unity.VisualScripting.YamlDotNet.dll
Symbol file LoadedFromMemory doesn't match image C:\Users\Teknogenetik\Desktop\Projeler\unity-projects\Hamster Rush\Library\PackageCache\com.unity.visualscripting@1.7.8\Editor\VisualScripting.Core\Dependencies\DotNetZip\Unity.VisualScripting.IonicZip.dll
Native extension for WindowsStandalone target not found
Refreshing native plugins compatible for Editor in 0.59 ms, found 3 plugins.
Preloading 0 native plugins for Editor in 0.00 ms.
Mono: successfully reloaded assembly
- Completed reload, in  0.799 seconds
Domain Reload Profiling:
	ReloadAssembly (799ms)
		BeginReloadAssembly (116ms)
			ExecutionOrderSort (0ms)
			DisableScriptedObjects (6ms)
			BackupInstance (0ms)
			ReleaseScriptingObjects (0ms)
			CreateAndSetChildDomain (35ms)
		EndReloadAssembly (611ms)
			LoadAssemblies (68ms)
			RebuildTransferFunctionScriptingTraits (0ms)
			SetupTypeCache (194ms)
			ReleaseScriptCaches (1ms)
			RebuildScriptCaches (33ms)
			SetupLoadedEditorAssemblies (280ms)
				LogAssemblyErrors (0ms)
				InitializePlatformSupportModulesInManaged (10ms)
				SetLoadedEditorAssemblies (0ms)
				RefreshPlugins (1ms)
				BeforeProcessingInitializeOnLoad (61ms)
				ProcessInitializeOnLoadAttributes (177ms)
				ProcessInitializeOnLoadMethodAttributes (23ms)
				AfterProcessingInitializeOnLoad (7ms)
				EditorAssembliesLoaded (0ms)
			ExecutionOrderSort2 (0ms)
			AwakeInstancesAfterBackupRestoration (6ms)
Platform modules already initialized, skipping
Refreshing native plugins compatible for Editor in 1.79 ms, found 3 plugins.
Preloading 0 native plugins for Editor in 0.00 ms.
Unloading 3530 Unused Serialized files (Serialized files now loaded: 0)
Unloading 20 unused Assets / (78.3 KB). Loaded Objects now: 4068.
Memory consumption went from 199.1 MB to 199.0 MB.
Total: 2.616600 ms (FindLiveObjects: 0.202500 ms CreateObjectMapping: 0.118200 ms MarkObjects: 2.227900 ms  DeleteObjects: 0.067300 ms)

AssetImportParameters requested are different than current active one (requested -> active):
  custom:video-decoder-ogg-theora: a1e56fd34408186e4bbccfd4996cb3dc -> 
  custom:container-muxer-webm: aa71ff27fc2769a1b78a27578f13a17b -> 
  custom:container-demuxer-webm: 4f35f7cbe854078d1ac9338744f61a02 -> 
  custom:video-encoder-webm-vp8: eb34c28f22e8b96e1ab97ce403110664 -> 
  custom:audio-encoder-webm-vorbis: bf7c407c2cedff20999df2af8eb42d56 -> 
  custom:framework-win-MediaFoundation: 216162199b28c13a410421893ffa2e32 -> 
  custom:container-demuxer-ogg: 62fdf1f143b41e24485cea50d1cbac27 -> 
  custom:video-decoder-webm-vp8: 9c59270c3fd7afecdb556c50c9e8de78 -> 
  custom:audio-decoder-ogg-vorbis: bf7c407c2cedff20999df2af8eb42d56 -> 
========================================================================
Received Import Request.
  Time since last request: 23.228858 seconds.
  path: Assets/Dreamteck/Splines/Examples/AudioVisualization/Scene.unity
  artifactKey: Guid(0301a41c55c587049881a6343225739c) Importer(815301076,1909f56bfc062723c751e8b465ee728b)
Start importing Assets/Dreamteck/Splines/Examples/AudioVisualization/Scene.unity using Guid(0301a41c55c587049881a6343225739c) Importer(815301076,1909f56bfc062723c751e8b465ee728b)  -> (artifact id: 'fd9d8113f8bcfceb238e579c10a0e9b4') in 0.006218 seconds 
========================================================================
Received Prepare
Registering precompiled user dll's ...
Registered in 0.005071 seconds.
Begin MonoManager ReloadAssembly
Symbol file LoadedFromMemory doesn't match image C:\Users\Teknogenetik\Desktop\Projeler\unity-projects\Hamster Rush\Library\PackageCache\com.unity.visualscripting@1.7.8\Editor\VisualScripting.Core\Dependencies\YamlDotNet\Unity.VisualScripting.YamlDotNet.dll
Symbol file LoadedFromMemory doesn't match image C:\Users\Teknogenetik\Desktop\Projeler\unity-projects\Hamster Rush\Library\PackageCache\com.unity.visualscripting@1.7.8\Editor\VisualScripting.Core\Dependencies\DotNetZip\Unity.VisualScripting.IonicZip.dll
Native extension for WindowsStandalone target not found
Refreshing native plugins compatible for Editor in 0.58 ms, found 3 plugins.
Preloading 0 native plugins for Editor in 0.00 ms.
Mono: successfully reloaded assembly
- Completed reload, in  0.769 seconds
Domain Reload Profiling:
	ReloadAssembly (771ms)
		BeginReloadAssembly (106ms)
			ExecutionOrderSort (0ms)
			DisableScriptedObjects (5ms)
			BackupInstance (0ms)
			ReleaseScriptingObjects (0ms)
			CreateAndSetChildDomain (29ms)
		EndReloadAssembly (593ms)
			LoadAssemblies (62ms)
			RebuildTransferFunctionScriptingTraits (0ms)
			SetupTypeCache (185ms)
			ReleaseScriptCaches (1ms)
			RebuildScriptCaches (33ms)
			SetupLoadedEditorAssemblies (272ms)
				LogAssemblyErrors (0ms)
				InitializePlatformSupportModulesInManaged (11ms)
				SetLoadedEditorAssemblies (0ms)
				RefreshPlugins (1ms)
				BeforeProcessingInitializeOnLoad (60ms)
				ProcessInitializeOnLoadAttributes (171ms)
				ProcessInitializeOnLoadMethodAttributes (23ms)
				AfterProcessingInitializeOnLoad (6ms)
				EditorAssembliesLoaded (0ms)
			ExecutionOrderSort2 (0ms)
			AwakeInstancesAfterBackupRestoration (5ms)
Platform modules already initialized, skipping
Refreshing native plugins compatible for Editor in 1.99 ms, found 3 plugins.
Preloading 0 native plugins for Editor in 0.00 ms.
Unloading 3530 Unused Serialized files (Serialized files now loaded: 0)
Unloading 20 unused Assets / (78.2 KB). Loaded Objects now: 4071.
Memory consumption went from 199.1 MB to 199.1 MB.
Total: 2.711000 ms (FindLiveObjects: 0.221100 ms CreateObjectMapping: 0.135000 ms MarkObjects: 2.291700 ms  DeleteObjects: 0.062600 ms)

AssetImportParameters requested are different than current active one (requested -> active):
  custom:video-decoder-ogg-theora: a1e56fd34408186e4bbccfd4996cb3dc -> 
  custom:container-muxer-webm: aa71ff27fc2769a1b78a27578f13a17b -> 
  custom:container-demuxer-webm: 4f35f7cbe854078d1ac9338744f61a02 -> 
  custom:video-encoder-webm-vp8: eb34c28f22e8b96e1ab97ce403110664 -> 
  custom:audio-encoder-webm-vorbis: bf7c407c2cedff20999df2af8eb42d56 -> 
  custom:framework-win-MediaFoundation: 216162199b28c13a410421893ffa2e32 -> 
  custom:container-demuxer-ogg: 62fdf1f143b41e24485cea50d1cbac27 -> 
  custom:video-decoder-webm-vp8: 9c59270c3fd7afecdb556c50c9e8de78 -> 
  custom:audio-decoder-ogg-vorbis: bf7c407c2cedff20999df2af8eb42d56 -> 
========================================================================
Received Prepare
Registering precompiled user dll's ...
Registered in 0.005394 seconds.
Begin MonoManager ReloadAssembly
Symbol file LoadedFromMemory doesn't match image C:\Users\Teknogenetik\Desktop\Projeler\unity-projects\Hamster Rush\Library\PackageCache\com.unity.visualscripting@1.7.8\Editor\VisualScripting.Core\Dependencies\YamlDotNet\Unity.VisualScripting.YamlDotNet.dll
Symbol file LoadedFromMemory doesn't match image C:\Users\Teknogenetik\Desktop\Projeler\unity-projects\Hamster Rush\Library\PackageCache\com.unity.visualscripting@1.7.8\Editor\VisualScripting.Core\Dependencies\DotNetZip\Unity.VisualScripting.IonicZip.dll
Native extension for WindowsStandalone target not found
Refreshing native plugins compatible for Editor in 0.64 ms, found 3 plugins.
Preloading 0 native plugins for Editor in 0.00 ms.
Mono: successfully reloaded assembly
- Completed reload, in  0.767 seconds
Domain Reload Profiling:
	ReloadAssembly (767ms)
		BeginReloadAssembly (104ms)
			ExecutionOrderSort (0ms)
			DisableScriptedObjects (4ms)
			BackupInstance (0ms)
			ReleaseScriptingObjects (0ms)
			CreateAndSetChildDomain (28ms)
		EndReloadAssembly (591ms)
			LoadAssemblies (65ms)
			RebuildTransferFunctionScriptingTraits (0ms)
			SetupTypeCache (191ms)
			ReleaseScriptCaches (1ms)
			RebuildScriptCaches (33ms)
			SetupLoadedEditorAssemblies (266ms)
				LogAssemblyErrors (0ms)
				InitializePlatformSupportModulesInManaged (11ms)
				SetLoadedEditorAssemblies (0ms)
				RefreshPlugins (1ms)
				BeforeProcessingInitializeOnLoad (58ms)
				ProcessInitializeOnLoadAttributes (166ms)
				ProcessInitializeOnLoadMethodAttributes (23ms)
				AfterProcessingInitializeOnLoad (6ms)
				EditorAssembliesLoaded (0ms)
			ExecutionOrderSort2 (0ms)
			AwakeInstancesAfterBackupRestoration (6ms)
Platform modules already initialized, skipping
Refreshing native plugins compatible for Editor in 1.57 ms, found 3 plugins.
Preloading 0 native plugins for Editor in 0.00 ms.
Unloading 3530 Unused Serialized files (Serialized files now loaded: 0)
Unloading 20 unused Assets / (78.1 KB). Loaded Objects now: 4074.
Memory consumption went from 199.1 MB to 199.1 MB.
Total: 2.540200 ms (FindLiveObjects: 0.217800 ms CreateObjectMapping: 0.121200 ms MarkObjects: 2.135700 ms  DeleteObjects: 0.064700 ms)

AssetImportParameters requested are different than current active one (requested -> active):
  custom:video-decoder-ogg-theora: a1e56fd34408186e4bbccfd4996cb3dc -> 
  custom:container-muxer-webm: aa71ff27fc2769a1b78a27578f13a17b -> 
  custom:container-demuxer-webm: 4f35f7cbe854078d1ac9338744f61a02 -> 
  custom:video-encoder-webm-vp8: eb34c28f22e8b96e1ab97ce403110664 -> 
  custom:audio-encoder-webm-vorbis: bf7c407c2cedff20999df2af8eb42d56 -> 
  custom:framework-win-MediaFoundation: 216162199b28c13a410421893ffa2e32 -> 
  custom:container-demuxer-ogg: 62fdf1f143b41e24485cea50d1cbac27 -> 
  custom:video-decoder-webm-vp8: 9c59270c3fd7afecdb556c50c9e8de78 -> 
  custom:audio-decoder-ogg-vorbis: bf7c407c2cedff20999df2af8eb42d56 -> 
========================================================================
Received Import Request.
  Time since last request: 232.455422 seconds.
  path: Assets/Dreamteck/Splines/Examples/AudioVisualization/Fytch - In These Shadows (feat. Carmen Forbes).mp3
  artifactKey: Guid(a3807efc539915e4a832d568739c11d3) Importer(815301076,1909f56bfc062723c751e8b465ee728b)
Start importing Assets/Dreamteck/Splines/Examples/AudioVisualization/Fytch - In These Shadows (feat. Carmen Forbes).mp3 using Guid(a3807efc539915e4a832d568739c11d3) Importer(815301076,1909f56bfc062723c751e8b465ee728b)  -> (artifact id: 'b891c23f573185327c4befa67c16fac0') in 0.038046 seconds 
========================================================================
Received Import Request.
  Time since last request: 4.255738 seconds.
  path: Assets/Dreamteck/Splines/Examples/AudioVisualization/SpectrumVisualizer.cs
  artifactKey: Guid(a96d0f6951e54f54aa61fa5b357652d0) Importer(815301076,1909f56bfc062723c751e8b465ee728b)
Start importing Assets/Dreamteck/Splines/Examples/AudioVisualization/SpectrumVisualizer.cs using Guid(a96d0f6951e54f54aa61fa5b357652d0) Importer(815301076,1909f56bfc062723c751e8b465ee728b)  -> (artifact id: 'd5377aca0f881a495894b01d0c61006f') in 0.005021 seconds 
========================================================================
Received Prepare
Registering precompiled user dll's ...
Registered in 0.005051 seconds.
Begin MonoManager ReloadAssembly
Symbol file LoadedFromMemory doesn't match image C:\Users\Teknogenetik\Desktop\Projeler\unity-projects\Hamster Rush\Library\PackageCache\com.unity.visualscripting@1.7.8\Editor\VisualScripting.Core\Dependencies\YamlDotNet\Unity.VisualScripting.YamlDotNet.dll
Symbol file LoadedFromMemory doesn't match image C:\Users\Teknogenetik\Desktop\Projeler\unity-projects\Hamster Rush\Library\PackageCache\com.unity.visualscripting@1.7.8\Editor\VisualScripting.Core\Dependencies\DotNetZip\Unity.VisualScripting.IonicZip.dll
Native extension for WindowsStandalone target not found
Refreshing native plugins compatible for Editor in 0.60 ms, found 3 plugins.
Preloading 0 native plugins for Editor in 0.00 ms.
Mono: successfully reloaded assembly
- Completed reload, in  0.769 seconds
Domain Reload Profiling:
	ReloadAssembly (769ms)
		BeginReloadAssembly (105ms)
			ExecutionOrderSort (0ms)
			DisableScriptedObjects (4ms)
			BackupInstance (0ms)
			ReleaseScriptingObjects (0ms)
			CreateAndSetChildDomain (29ms)
		EndReloadAssembly (586ms)
			LoadAssemblies (64ms)
			RebuildTransferFunctionScriptingTraits (0ms)
			SetupTypeCache (171ms)
			ReleaseScriptCaches (1ms)
			RebuildScriptCaches (31ms)
			SetupLoadedEditorAssemblies (279ms)
				LogAssemblyErrors (0ms)
				InitializePlatformSupportModulesInManaged (11ms)
				SetLoadedEditorAssemblies (0ms)
				RefreshPlugins (1ms)
				BeforeProcessingInitializeOnLoad (59ms)
				ProcessInitializeOnLoadAttributes (176ms)
				ProcessInitializeOnLoadMethodAttributes (26ms)
				AfterProcessingInitializeOnLoad (7ms)
				EditorAssembliesLoaded (0ms)
			ExecutionOrderSort2 (0ms)
			AwakeInstancesAfterBackupRestoration (6ms)
Platform modules already initialized, skipping
Refreshing native plugins compatible for Editor in 1.84 ms, found 3 plugins.
Preloading 0 native plugins for Editor in 0.00 ms.
Unloading 3530 Unused Serialized files (Serialized files now loaded: 0)
Unloading 20 unused Assets / (78.2 KB). Loaded Objects now: 4077.
Memory consumption went from 199.2 MB to 199.1 MB.
Total: 2.545700 ms (FindLiveObjects: 0.199400 ms CreateObjectMapping: 0.109400 ms MarkObjects: 2.176800 ms  DeleteObjects: 0.059400 ms)

AssetImportParameters requested are different than current active one (requested -> active):
  custom:video-decoder-ogg-theora: a1e56fd34408186e4bbccfd4996cb3dc -> 
  custom:container-muxer-webm: aa71ff27fc2769a1b78a27578f13a17b -> 
  custom:container-demuxer-webm: 4f35f7cbe854078d1ac9338744f61a02 -> 
  custom:video-encoder-webm-vp8: eb34c28f22e8b96e1ab97ce403110664 -> 
  custom:audio-encoder-webm-vorbis: bf7c407c2cedff20999df2af8eb42d56 -> 
  custom:framework-win-MediaFoundation: 216162199b28c13a410421893ffa2e32 -> 
  custom:container-demuxer-ogg: 62fdf1f143b41e24485cea50d1cbac27 -> 
  custom:video-decoder-webm-vp8: 9c59270c3fd7afecdb556c50c9e8de78 -> 
  custom:audio-decoder-ogg-vorbis: bf7c407c2cedff20999df2af8eb42d56 -> 
========================================================================
Received Import Request.
  Time since last request: 201.035725 seconds.
  path: Assets/Dreamteck/Splines/Examples/AudioVisualization/fytch-sirens-over-paris.mp3
  artifactKey: Guid(3386ae51275e69849bdfc48d6f9d6b57) Importer(815301076,1909f56bfc062723c751e8b465ee728b)
Start importing Assets/Dreamteck/Splines/Examples/AudioVisualization/fytch-sirens-over-paris.mp3 using Guid(3386ae51275e69849bdfc48d6f9d6b57) Importer(815301076,1909f56bfc062723c751e8b465ee728b)  -> (artifact id: '552e93e7b909d494f3a83be37b152a43') in 0.040857 seconds 
========================================================================
Received Prepare
Registering precompiled user dll's ...
Registered in 0.005644 seconds.
Begin MonoManager ReloadAssembly
Symbol file LoadedFromMemory doesn't match image C:\Users\Teknogenetik\Desktop\Projeler\unity-projects\Hamster Rush\Library\PackageCache\com.unity.visualscripting@1.7.8\Editor\VisualScripting.Core\Dependencies\YamlDotNet\Unity.VisualScripting.YamlDotNet.dll
Symbol file LoadedFromMemory doesn't match image C:\Users\Teknogenetik\Desktop\Projeler\unity-projects\Hamster Rush\Library\PackageCache\com.unity.visualscripting@1.7.8\Editor\VisualScripting.Core\Dependencies\DotNetZip\Unity.VisualScripting.IonicZip.dll
Native extension for WindowsStandalone target not found
Refreshing native plugins compatible for Editor in 0.55 ms, found 3 plugins.
Preloading 0 native plugins for Editor in 0.00 ms.
Mono: successfully reloaded assembly
- Completed reload, in  0.788 seconds
Domain Reload Profiling:
	ReloadAssembly (788ms)
		BeginReloadAssembly (107ms)
			ExecutionOrderSort (0ms)
			DisableScriptedObjects (4ms)
			BackupInstance (0ms)
			ReleaseScriptingObjects (0ms)
			CreateAndSetChildDomain (28ms)
		EndReloadAssembly (598ms)
			LoadAssemblies (66ms)
			RebuildTransferFunctionScriptingTraits (0ms)
			SetupTypeCache (182ms)
			ReleaseScriptCaches (1ms)
			RebuildScriptCaches (34ms)
			SetupLoadedEditorAssemblies (276ms)
				LogAssemblyErrors (0ms)
				InitializePlatformSupportModulesInManaged (11ms)
				SetLoadedEditorAssemblies (0ms)
				RefreshPlugins (1ms)
				BeforeProcessingInitializeOnLoad (61ms)
				ProcessInitializeOnLoadAttributes (169ms)
				ProcessInitializeOnLoadMethodAttributes (25ms)
				AfterProcessingInitializeOnLoad (8ms)
				EditorAssembliesLoaded (0ms)
			ExecutionOrderSort2 (0ms)
			AwakeInstancesAfterBackupRestoration (5ms)
Platform modules already initialized, skipping
Refreshing native plugins compatible for Editor in 1.86 ms, found 3 plugins.
Preloading 0 native plugins for Editor in 0.00 ms.
Unloading 3530 Unused Serialized files (Serialized files now loaded: 0)
Unloading 20 unused Assets / (78.3 KB). Loaded Objects now: 4080.
Memory consumption went from 199.2 MB to 199.1 MB.
Total: 2.945900 ms (FindLiveObjects: 0.207800 ms CreateObjectMapping: 0.135400 ms MarkObjects: 2.517700 ms  DeleteObjects: 0.084400 ms)

AssetImportParameters requested are different than current active one (requested -> active):
  custom:video-decoder-ogg-theora: a1e56fd34408186e4bbccfd4996cb3dc -> 
  custom:container-muxer-webm: aa71ff27fc2769a1b78a27578f13a17b -> 
  custom:container-demuxer-webm: 4f35f7cbe854078d1ac9338744f61a02 -> 
  custom:video-encoder-webm-vp8: eb34c28f22e8b96e1ab97ce403110664 -> 
  custom:audio-encoder-webm-vorbis: bf7c407c2cedff20999df2af8eb42d56 -> 
  custom:framework-win-MediaFoundation: 216162199b28c13a410421893ffa2e32 -> 
  custom:container-demuxer-ogg: 62fdf1f143b41e24485cea50d1cbac27 -> 
  custom:video-decoder-webm-vp8: 9c59270c3fd7afecdb556c50c9e8de78 -> 
  custom:audio-decoder-ogg-vorbis: bf7c407c2cedff20999df2af8eb42d56 -> 
